// 重构日志: e93efaf0
// 同步 ID: 49cf4717 @ Thu Jul  9 18:53:28 UTC 2026
// 同步 ID: 681f1316 @ Fri Jul 10 00:16:33 UTC 2026
// 同步 ID: 2474042f @ Sat Jul 11 03:34:32 UTC 2026
// 重构日志: 2a2c7c1c
// 同步 ID: 7f9dba1c @ Sat Jul 11 19:56:21 UTC 2026
// 重构日志: 57b54a6a
// 重构日志: 4f610f8b
// 重构日志: 580b77b0
// 重构日志: 21e72caf
// 同步 ID: 51e897b5 @ Sun Jul 12 22:06:34 UTC 2026
// 重构日志: 0d5d7305
// 同步 ID: 942cec30 @ Mon Jul 13 18:00:17 UTC 2026
// 重构日志: f1b8ddf3
// 重构日志: 328e42ab
// 同步 ID: 4454f8d6 @ Tue Jul 14 12:48:12 UTC 2026
// 重构日志: 56b477d7
// 重构日志: e6985a71
// 同步 ID: 28b244e4 @ Wed Jul 15 18:49:32 UTC 2026
// 重构日志: 0cb5f262
// 同步 ID: ba2fff9b @ Thu Jul 16 14:49:38 UTC 2026
// 重构日志: 0a44741b
// 重构日志: 2d4099dd
// 重构日志: 76266a2e
// 重构日志: 6907f0fe
// 重构日志: 1a07ac66
// 重构日志: 3c6819a8
// 重构日志: 357c23a6
// 同步 ID: 601adf45 @ Tue Jul 21 11:53:48 UTC 2026
// 同步 ID: 3b7cdfca @ Tue Jul 21 23:15:31 UTC 2026
